<?xml version="1.0" encoding="UTF-8"?>
<!-- Generated by org.testng.reporters.JUnitReportReporter -->
<testsuite skipped="0" hostname="LAPTOP-K6546IAP" name="com.qa.rest.tests.BasicValidations_XML" tests="5" failures="0" timestamp="2019-12-06T13:14:13 CET" time="2.355" errors="0">
  <testcase name="testSingleContent" time="1.660" classname="com.qa.rest.tests.BasicValidations_XML"/>
  <testcase name="testMultipleContents" time="0.206" classname="com.qa.rest.tests.BasicValidations_XML"/>
  <testcase name="testMultipleContentsInOneGo" time="0.143" classname="com.qa.rest.tests.BasicValidations_XML"/>
  <testcase name="testUsingXPath1" time="0.202" classname="com.qa.rest.tests.BasicValidations_XML"/>
  <testcase name="testUsingXPath2" time="0.144" classname="com.qa.rest.tests.BasicValidations_XML"/>
</testsuite> <!-- com.qa.rest.tests.BasicValidations_XML -->
