<?xml version="1.0" encoding="UTF-8"?>
<!-- Generated by org.testng.reporters.JUnitReportReporter -->
<testsuite skipped="0" hostname="LAPTOP-K6546IAP" name="serializationDeserialization.StudentAPITestWithSerialization" tests="2" failures="0" timestamp="2020-01-13T18:36:59 CET" time="4.500" errors="0">
  <testcase name="createNewStudentSerialization" time="4.340" classname="serializationDeserialization.StudentAPITestWithSerialization"/>
  <testcase name="getStudentRecordDeserialization" time="0.160" classname="serializationDeserialization.StudentAPITestWithSerialization"/>
</testsuite> <!-- serializationDeserialization.StudentAPITestWithSerialization -->
