<?xml version="1.0" encoding="UTF-8"?>
<!-- Generated by org.testng.reporters.JUnitReportReporter -->
<testsuite skipped="0" hostname="LAPTOP-K6546IAP" name="com.qa.rest.tests.GetCallBDD" tests="1" failures="0" timestamp="2019-11-11T14:48:04 CET" time="1.643" errors="0">
  <testcase name="test_numberOfCircuitsFor2017_Season" time="1.643" classname="com.qa.rest.tests.GetCallBDD"/>
</testsuite> <!-- com.qa.rest.tests.GetCallBDD -->
