<?xml version="1.0" encoding="UTF-8"?>
<!-- Generated by org.testng.reporters.JUnitReportReporter -->
<testsuite skipped="0" hostname="LAPTOP-K6546IAP" name="demo.restassured.Test1_BasicFeaturesXML" tests="5" failures="0" timestamp="2019-12-12T13:39:26 CET" time="2.409" errors="0">
  <testcase name="testSingleContent" time="1.571" classname="demo.restassured.Test1_BasicFeaturesXML"/>
  <testcase name="testMultipleContent" time="0.229" classname="demo.restassured.Test1_BasicFeaturesXML"/>
  <testcase name="testCompleteTextInOneGo" time="0.187" classname="demo.restassured.Test1_BasicFeaturesXML"/>
  <testcase name="testUsingXpath1" time="0.232" classname="demo.restassured.Test1_BasicFeaturesXML"/>
  <testcase name="testUsingXpath2" time="0.190" classname="demo.restassured.Test1_BasicFeaturesXML"/>
</testsuite> <!-- demo.restassured.Test1_BasicFeaturesXML -->
