<?xml version="1.0" encoding="UTF-8"?>
<!-- Generated by org.testng.reporters.JUnitReportReporter -->
<testsuite skipped="0" hostname="LAPTOP-K6546IAP" name="demo.restassured.Test1_BasicFeatures" tests="5" failures="0" timestamp="2019-12-12T12:44:49 CET" time="3.701" errors="0">
  <testcase name="testStatuscode" time="1.232" classname="demo.restassured.Test1_BasicFeatures"/>
  <testcase name="testStatusAndBody" time="0.469" classname="demo.restassured.Test1_BasicFeatures"/>
  <testcase name="testEqualToMethod" time="0.617" classname="demo.restassured.Test1_BasicFeatures"/>
  <testcase name="testHasItemsMethod" time="0.676" classname="demo.restassured.Test1_BasicFeatures"/>
  <testcase name="testParamAndHeaders" time="0.707" classname="demo.restassured.Test1_BasicFeatures"/>
</testsuite> <!-- demo.restassured.Test1_BasicFeatures -->
