<?xml version="1.0" encoding="UTF-8"?>
<!-- Generated by org.testng.reporters.JUnitReportReporter -->
<testsuite skipped="0" hostname="LAPTOP-K6546IAP" name="serializationDeserialization.VideoGameAPITestWithSerializationJSON" tests="1" failures="0" timestamp="2019-12-11T17:19:32 CET" time="1.465" errors="0">
  <testcase name="testVideoGameDeSerializationJSON" time="1.465" classname="serializationDeserialization.VideoGameAPITestWithSerializationJSON"/>
</testsuite> <!-- serializationDeserialization.VideoGameAPITestWithSerializationJSON -->
