<?xml version="1.0" encoding="UTF-8"?>
<!-- Generated by org.testng.reporters.JUnitReportReporter -->
<testsuite skipped="0" hostname="LAPTOP-K6546IAP" name="serializationDeserialization.VideoGameAPITestWithSerializationXML" tests="2" failures="0" timestamp="2019-12-11T16:57:50 CET" time="1.915" errors="0">
  <testcase name="testVideoGameSerializationXML" time="1.821" classname="serializationDeserialization.VideoGameAPITestWithSerializationXML"/>
  <testcase name="testVideoGameDeSerializationXML" time="0.094" classname="serializationDeserialization.VideoGameAPITestWithSerializationXML"/>
</testsuite> <!-- serializationDeserialization.VideoGameAPITestWithSerializationXML -->
