<?xml version="1.0" encoding="UTF-8"?>
<!-- Generated by org.testng.reporters.JUnitReportReporter -->
<testsuite skipped="0" hostname="LAPTOP-K6546IAP" name="demo.restassured.Test1_BasicFeaturesJSON" tests="5" failures="0" timestamp="2019-12-12T13:08:48 CET" time="3.706" errors="0">
  <testcase name="testStatuscode" time="1.236" classname="demo.restassured.Test1_BasicFeaturesJSON"/>
  <testcase name="testStatusAndBody" time="0.436" classname="demo.restassured.Test1_BasicFeaturesJSON"/>
  <testcase name="testEqualToMethod" time="0.612" classname="demo.restassured.Test1_BasicFeaturesJSON"/>
  <testcase name="testHasItemsMethod" time="0.680" classname="demo.restassured.Test1_BasicFeaturesJSON"/>
  <testcase name="testParamAndHeaders" time="0.742" classname="demo.restassured.Test1_BasicFeaturesJSON"/>
</testsuite> <!-- demo.restassured.Test1_BasicFeaturesJSON -->
