<?xml version="1.0" encoding="UTF-8"?>
<!-- Generated by org.testng.reporters.JUnitReportReporter -->
<testsuite skipped="0" hostname="LAPTOP-K6546IAP" name="com.qa.rest.tests.BasicValidations_JSON" tests="5" failures="0" timestamp="2019-12-05T19:16:50 CET" time="19.760" errors="0">
  <testcase name="testStatusCode" time="1.613" classname="com.qa.rest.tests.BasicValidations_JSON"/>
  <testcase name="testLogging" time="0.314" classname="com.qa.rest.tests.BasicValidations_JSON"/>
  <testcase name="testSingleContent" time="0.579" classname="com.qa.rest.tests.BasicValidations_JSON"/>
  <testcase name="testMultipleContent" time="0.224" classname="com.qa.rest.tests.BasicValidations_JSON"/>
  <testcase name="testParamAndHeaderRequestContent" time="17.030" classname="com.qa.rest.tests.BasicValidations_JSON"/>
</testsuite> <!-- com.qa.rest.tests.BasicValidations_JSON -->
